
*** Running vivado
    with args -log lab6_p4.vdi -applog -m64 -product Vivado -messageDb vivado.pb -mode batch -source lab6_p4.tcl -notrace


****** Vivado v2017.4 (64-bit)
  **** SW Build 2086221 on Fri Dec 15 20:55:39 MST 2017
  **** IP Build 2085800 on Fri Dec 15 22:25:07 MST 2017
    ** Copyright 1986-2017 Xilinx, Inc. All Rights Reserved.

source lab6_p4.tcl -notrace
Command: link_design -top lab6_p4 -part xc7a35tcsg324-1
Design is defaulting to srcset: sources_1
Design is defaulting to constrset: constrs_1
INFO: [Netlist 29-17] Analyzing 4 Unisim elements for replacement
INFO: [Netlist 29-28] Unisim Transformation completed in 0 CPU seconds
INFO: [Project 1-479] Netlist was created with Vivado 2017.4
INFO: [Device 21-403] Loading part xc7a35tcsg324-1
INFO: [Project 1-570] Preparing netlist for logic optimization
Parsing XDC File [D:/25fall_digital_logic/lab1/lab1_ego1.xdc]
WARNING: [Vivado 12-584] No ports matched 'led[7]'. [D:/25fall_digital_logic/lab1/lab1_ego1.xdc:1]
CRITICAL WARNING: [Common 17-55] 'set_property' expects at least one object. [D:/25fall_digital_logic/lab1/lab1_ego1.xdc:1]
Resolution: If [get_<value>] was used to populate the object, check to make sure this command returns at least one valid object.
WARNING: [Vivado 12-584] No ports matched 'led[6]'. [D:/25fall_digital_logic/lab1/lab1_ego1.xdc:2]
CRITICAL WARNING: [Common 17-55] 'set_property' expects at least one object. [D:/25fall_digital_logic/lab1/lab1_ego1.xdc:2]
Resolution: If [get_<value>] was used to populate the object, check to make sure this command returns at least one valid object.
WARNING: [Vivado 12-584] No ports matched 'led[5]'. [D:/25fall_digital_logic/lab1/lab1_ego1.xdc:3]
CRITICAL WARNING: [Common 17-55] 'set_property' expects at least one object. [D:/25fall_digital_logic/lab1/lab1_ego1.xdc:3]
Resolution: If [get_<value>] was used to populate the object, check to make sure this command returns at least one valid object.
WARNING: [Vivado 12-584] No ports matched 'led[4]'. [D:/25fall_digital_logic/lab1/lab1_ego1.xdc:4]
CRITICAL WARNING: [Common 17-55] 'set_property' expects at least one object. [D:/25fall_digital_logic/lab1/lab1_ego1.xdc:4]
Resolution: If [get_<value>] was used to populate the object, check to make sure this command returns at least one valid object.
WARNING: [Vivado 12-584] No ports matched 'led[3]'. [D:/25fall_digital_logic/lab1/lab1_ego1.xdc:5]
CRITICAL WARNING: [Common 17-55] 'set_property' expects at least one object. [D:/25fall_digital_logic/lab1/lab1_ego1.xdc:5]
Resolution: If [get_<value>] was used to populate the object, check to make sure this command returns at least one valid object.
WARNING: [Vivado 12-584] No ports matched 'led[2]'. [D:/25fall_digital_logic/lab1/lab1_ego1.xdc:6]
CRITICAL WARNING: [Common 17-55] 'set_property' expects at least one object. [D:/25fall_digital_logic/lab1/lab1_ego1.xdc:6]
Resolution: If [get_<value>] was used to populate the object, check to make sure this command returns at least one valid object.
WARNING: [Vivado 12-584] No ports matched 'led[1]'. [D:/25fall_digital_logic/lab1/lab1_ego1.xdc:7]
CRITICAL WARNING: [Common 17-55] 'set_property' expects at least one object. [D:/25fall_digital_logic/lab1/lab1_ego1.xdc:7]
Resolution: If [get_<value>] was used to populate the object, check to make sure this command returns at least one valid object.
WARNING: [Vivado 12-584] No ports matched 'led[0]'. [D:/25fall_digital_logic/lab1/lab1_ego1.xdc:8]
CRITICAL WARNING: [Common 17-55] 'set_property' expects at least one object. [D:/25fall_digital_logic/lab1/lab1_ego1.xdc:8]
Resolution: If [get_<value>] was used to populate the object, check to make sure this command returns at least one valid object.
WARNING: [Vivado 12-584] No ports matched 'sw[7]'. [D:/25fall_digital_logic/lab1/lab1_ego1.xdc:9]
CRITICAL WARNING: [Common 17-55] 'set_property' expects at least one object. [D:/25fall_digital_logic/lab1/lab1_ego1.xdc:9]
Resolution: If [get_<value>] was used to populate the object, check to make sure this command returns at least one valid object.
WARNING: [Vivado 12-584] No ports matched 'sw[6]'. [D:/25fall_digital_logic/lab1/lab1_ego1.xdc:10]
CRITICAL WARNING: [Common 17-55] 'set_property' expects at least one object. [D:/25fall_digital_logic/lab1/lab1_ego1.xdc:10]
Resolution: If [get_<value>] was used to populate the object, check to make sure this command returns at least one valid object.
WARNING: [Vivado 12-584] No ports matched 'sw[5]'. [D:/25fall_digital_logic/lab1/lab1_ego1.xdc:11]
CRITICAL WARNING: [Common 17-55] 'set_property' expects at least one object. [D:/25fall_digital_logic/lab1/lab1_ego1.xdc:11]
Resolution: If [get_<value>] was used to populate the object, check to make sure this command returns at least one valid object.
WARNING: [Vivado 12-584] No ports matched 'sw[4]'. [D:/25fall_digital_logic/lab1/lab1_ego1.xdc:12]
CRITICAL WARNING: [Common 17-55] 'set_property' expects at least one object. [D:/25fall_digital_logic/lab1/lab1_ego1.xdc:12]
Resolution: If [get_<value>] was used to populate the object, check to make sure this command returns at least one valid object.
WARNING: [Vivado 12-584] No ports matched 'sw[3]'. [D:/25fall_digital_logic/lab1/lab1_ego1.xdc:13]
CRITICAL WARNING: [Common 17-55] 'set_property' expects at least one object. [D:/25fall_digital_logic/lab1/lab1_ego1.xdc:13]
Resolution: If [get_<value>] was used to populate the object, check to make sure this command returns at least one valid object.
WARNING: [Vivado 12-584] No ports matched 'sw[2]'. [D:/25fall_digital_logic/lab1/lab1_ego1.xdc:14]
CRITICAL WARNING: [Common 17-55] 'set_property' expects at least one object. [D:/25fall_digital_logic/lab1/lab1_ego1.xdc:14]
Resolution: If [get_<value>] was used to populate the object, check to make sure this command returns at least one valid object.
WARNING: [Vivado 12-584] No ports matched 'sw[1]'. [D:/25fall_digital_logic/lab1/lab1_ego1.xdc:15]
CRITICAL WARNING: [Common 17-55] 'set_property' expects at least one object. [D:/25fall_digital_logic/lab1/lab1_ego1.xdc:15]
Resolution: If [get_<value>] was used to populate the object, check to make sure this command returns at least one valid object.
WARNING: [Vivado 12-584] No ports matched 'sw[0]'. [D:/25fall_digital_logic/lab1/lab1_ego1.xdc:16]
CRITICAL WARNING: [Common 17-55] 'set_property' expects at least one object. [D:/25fall_digital_logic/lab1/lab1_ego1.xdc:16]
Resolution: If [get_<value>] was used to populate the object, check to make sure this command returns at least one valid object.
WARNING: [Vivado 12-584] No ports matched 'led[7]'. [D:/25fall_digital_logic/lab1/lab1_ego1.xdc:17]
CRITICAL WARNING: [Common 17-55] 'set_property' expects at least one object. [D:/25fall_digital_logic/lab1/lab1_ego1.xdc:17]
Resolution: If [get_<value>] was used to populate the object, check to make sure this command returns at least one valid object.
WARNING: [Vivado 12-584] No ports matched 'led[6]'. [D:/25fall_digital_logic/lab1/lab1_ego1.xdc:18]
CRITICAL WARNING: [Common 17-55] 'set_property' expects at least one object. [D:/25fall_digital_logic/lab1/lab1_ego1.xdc:18]
Resolution: If [get_<value>] was used to populate the object, check to make sure this command returns at least one valid object.
WARNING: [Vivado 12-584] No ports matched 'led[5]'. [D:/25fall_digital_logic/lab1/lab1_ego1.xdc:19]
CRITICAL WARNING: [Common 17-55] 'set_property' expects at least one object. [D:/25fall_digital_logic/lab1/lab1_ego1.xdc:19]
Resolution: If [get_<value>] was used to populate the object, check to make sure this command returns at least one valid object.
WARNING: [Vivado 12-584] No ports matched 'led[4]'. [D:/25fall_digital_logic/lab1/lab1_ego1.xdc:20]
CRITICAL WARNING: [Common 17-55] 'set_property' expects at least one object. [D:/25fall_digital_logic/lab1/lab1_ego1.xdc:20]
Resolution: If [get_<value>] was used to populate the object, check to make sure this command returns at least one valid object.
WARNING: [Vivado 12-584] No ports matched 'led[3]'. [D:/25fall_digital_logic/lab1/lab1_ego1.xdc:21]
CRITICAL WARNING: [Common 17-55] 'set_property' expects at least one object. [D:/25fall_digital_logic/lab1/lab1_ego1.xdc:21]
Resolution: If [get_<value>] was used to populate the object, check to make sure this command returns at least one valid object.
WARNING: [Vivado 12-584] No ports matched 'led[2]'. [D:/25fall_digital_logic/lab1/lab1_ego1.xdc:22]
CRITICAL WARNING: [Common 17-55] 'set_property' expects at least one object. [D:/25fall_digital_logic/lab1/lab1_ego1.xdc:22]
Resolution: If [get_<value>] was used to populate the object, check to make sure this command returns at least one valid object.
WARNING: [Vivado 12-584] No ports matched 'led[1]'. [D:/25fall_digital_logic/lab1/lab1_ego1.xdc:23]
CRITICAL WARNING: [Common 17-55] 'set_property' expects at least one object. [D:/25fall_digital_logic/lab1/lab1_ego1.xdc:23]
Resolution: If [get_<value>] was used to populate the object, check to make sure this command returns at least one valid object.
WARNING: [Vivado 12-584] No ports matched 'led[0]'. [D:/25fall_digital_logic/lab1/lab1_ego1.xdc:24]
CRITICAL WARNING: [Common 17-55] 'set_property' expects at least one object. [D:/25fall_digital_logic/lab1/lab1_ego1.xdc:24]
Resolution: If [get_<value>] was used to populate the object, check to make sure this command returns at least one valid object.
WARNING: [Vivado 12-584] No ports matched 'sw[7]'. [D:/25fall_digital_logic/lab1/lab1_ego1.xdc:25]
CRITICAL WARNING: [Common 17-55] 'set_property' expects at least one object. [D:/25fall_digital_logic/lab1/lab1_ego1.xdc:25]
Resolution: If [get_<value>] was used to populate the object, check to make sure this command returns at least one valid object.
WARNING: [Vivado 12-584] No ports matched 'sw[6]'. [D:/25fall_digital_logic/lab1/lab1_ego1.xdc:26]
CRITICAL WARNING: [Common 17-55] 'set_property' expects at least one object. [D:/25fall_digital_logic/lab1/lab1_ego1.xdc:26]
Resolution: If [get_<value>] was used to populate the object, check to make sure this command returns at least one valid object.
WARNING: [Vivado 12-584] No ports matched 'sw[5]'. [D:/25fall_digital_logic/lab1/lab1_ego1.xdc:27]
CRITICAL WARNING: [Common 17-55] 'set_property' expects at least one object. [D:/25fall_digital_logic/lab1/lab1_ego1.xdc:27]
Resolution: If [get_<value>] was used to populate the object, check to make sure this command returns at least one valid object.
WARNING: [Vivado 12-584] No ports matched 'sw[4]'. [D:/25fall_digital_logic/lab1/lab1_ego1.xdc:28]
CRITICAL WARNING: [Common 17-55] 'set_property' expects at least one object. [D:/25fall_digital_logic/lab1/lab1_ego1.xdc:28]
Resolution: If [get_<value>] was used to populate the object, check to make sure this command returns at least one valid object.
WARNING: [Vivado 12-584] No ports matched 'sw[3]'. [D:/25fall_digital_logic/lab1/lab1_ego1.xdc:29]
CRITICAL WARNING: [Common 17-55] 'set_property' expects at least one object. [D:/25fall_digital_logic/lab1/lab1_ego1.xdc:29]
Resolution: If [get_<value>] was used to populate the object, check to make sure this command returns at least one valid object.
WARNING: [Vivado 12-584] No ports matched 'sw[2]'. [D:/25fall_digital_logic/lab1/lab1_ego1.xdc:30]
CRITICAL WARNING: [Common 17-55] 'set_property' expects at least one object. [D:/25fall_digital_logic/lab1/lab1_ego1.xdc:30]
Resolution: If [get_<value>] was used to populate the object, check to make sure this command returns at least one valid object.
WARNING: [Vivado 12-584] No ports matched 'sw[1]'. [D:/25fall_digital_logic/lab1/lab1_ego1.xdc:31]
CRITICAL WARNING: [Common 17-55] 'set_property' expects at least one object. [D:/25fall_digital_logic/lab1/lab1_ego1.xdc:31]
Resolution: If [get_<value>] was used to populate the object, check to make sure this command returns at least one valid object.
WARNING: [Vivado 12-584] No ports matched 'sw[0]'. [D:/25fall_digital_logic/lab1/lab1_ego1.xdc:32]
CRITICAL WARNING: [Common 17-55] 'set_property' expects at least one object. [D:/25fall_digital_logic/lab1/lab1_ego1.xdc:32]
Resolution: If [get_<value>] was used to populate the object, check to make sure this command returns at least one valid object.
Finished Parsing XDC File [D:/25fall_digital_logic/lab1/lab1_ego1.xdc]
Parsing XDC File [D:/25fall_digital_logic/project_1/project_1.srcs/constrs_1/new/lab2.xdc]
WARNING: [Vivado 12-584] No ports matched 'out'. [D:/25fall_digital_logic/project_1/project_1.srcs/constrs_1/new/lab2.xdc:1]
CRITICAL WARNING: [Common 17-55] 'set_property' expects at least one object. [D:/25fall_digital_logic/project_1/project_1.srcs/constrs_1/new/lab2.xdc:1]
Resolution: If [get_<value>] was used to populate the object, check to make sure this command returns at least one valid object.
WARNING: [Vivado 12-584] No ports matched 'x'. [D:/25fall_digital_logic/project_1/project_1.srcs/constrs_1/new/lab2.xdc:2]
CRITICAL WARNING: [Common 17-55] 'set_property' expects at least one object. [D:/25fall_digital_logic/project_1/project_1.srcs/constrs_1/new/lab2.xdc:2]
Resolution: If [get_<value>] was used to populate the object, check to make sure this command returns at least one valid object.
WARNING: [Vivado 12-584] No ports matched 'y'. [D:/25fall_digital_logic/project_1/project_1.srcs/constrs_1/new/lab2.xdc:3]
CRITICAL WARNING: [Common 17-55] 'set_property' expects at least one object. [D:/25fall_digital_logic/project_1/project_1.srcs/constrs_1/new/lab2.xdc:3]
Resolution: If [get_<value>] was used to populate the object, check to make sure this command returns at least one valid object.
WARNING: [Vivado 12-584] No ports matched 'z'. [D:/25fall_digital_logic/project_1/project_1.srcs/constrs_1/new/lab2.xdc:4]
CRITICAL WARNING: [Common 17-55] 'set_property' expects at least one object. [D:/25fall_digital_logic/project_1/project_1.srcs/constrs_1/new/lab2.xdc:4]
Resolution: If [get_<value>] was used to populate the object, check to make sure this command returns at least one valid object.
WARNING: [Vivado 12-584] No ports matched 'out'. [D:/25fall_digital_logic/project_1/project_1.srcs/constrs_1/new/lab2.xdc:5]
CRITICAL WARNING: [Common 17-55] 'set_property' expects at least one object. [D:/25fall_digital_logic/project_1/project_1.srcs/constrs_1/new/lab2.xdc:5]
Resolution: If [get_<value>] was used to populate the object, check to make sure this command returns at least one valid object.
WARNING: [Vivado 12-584] No ports matched 'x'. [D:/25fall_digital_logic/project_1/project_1.srcs/constrs_1/new/lab2.xdc:6]
CRITICAL WARNING: [Common 17-55] 'set_property' expects at least one object. [D:/25fall_digital_logic/project_1/project_1.srcs/constrs_1/new/lab2.xdc:6]
Resolution: If [get_<value>] was used to populate the object, check to make sure this command returns at least one valid object.
WARNING: [Vivado 12-584] No ports matched 'y'. [D:/25fall_digital_logic/project_1/project_1.srcs/constrs_1/new/lab2.xdc:7]
CRITICAL WARNING: [Common 17-55] 'set_property' expects at least one object. [D:/25fall_digital_logic/project_1/project_1.srcs/constrs_1/new/lab2.xdc:7]
Resolution: If [get_<value>] was used to populate the object, check to make sure this command returns at least one valid object.
WARNING: [Vivado 12-584] No ports matched 'z'. [D:/25fall_digital_logic/project_1/project_1.srcs/constrs_1/new/lab2.xdc:8]
CRITICAL WARNING: [Common 17-55] 'set_property' expects at least one object. [D:/25fall_digital_logic/project_1/project_1.srcs/constrs_1/new/lab2.xdc:8]
Resolution: If [get_<value>] was used to populate the object, check to make sure this command returns at least one valid object.
Finished Parsing XDC File [D:/25fall_digital_logic/project_1/project_1.srcs/constrs_1/new/lab2.xdc]
Parsing XDC File [D:/25fall_digital_logic/project_1/project_1.srcs/constrs_1/new/lab4_p2.xdc]
WARNING: [Vivado 12-584] No ports matched 'p1[0]'. [D:/25fall_digital_logic/project_1/project_1.srcs/constrs_1/new/lab4_p2.xdc:1]
CRITICAL WARNING: [Common 17-55] 'set_property' expects at least one object. [D:/25fall_digital_logic/project_1/project_1.srcs/constrs_1/new/lab4_p2.xdc:1]
Resolution: If [get_<value>] was used to populate the object, check to make sure this command returns at least one valid object.
WARNING: [Vivado 12-584] No ports matched 'p1[0]'. [D:/25fall_digital_logic/project_1/project_1.srcs/constrs_1/new/lab4_p2.xdc:2]
CRITICAL WARNING: [Common 17-55] 'set_property' expects at least one object. [D:/25fall_digital_logic/project_1/project_1.srcs/constrs_1/new/lab4_p2.xdc:2]
Resolution: If [get_<value>] was used to populate the object, check to make sure this command returns at least one valid object.
WARNING: [Vivado 12-584] No ports matched 'p1[1]'. [D:/25fall_digital_logic/project_1/project_1.srcs/constrs_1/new/lab4_p2.xdc:4]
CRITICAL WARNING: [Common 17-55] 'set_property' expects at least one object. [D:/25fall_digital_logic/project_1/project_1.srcs/constrs_1/new/lab4_p2.xdc:4]
Resolution: If [get_<value>] was used to populate the object, check to make sure this command returns at least one valid object.
WARNING: [Vivado 12-584] No ports matched 'p1[1]'. [D:/25fall_digital_logic/project_1/project_1.srcs/constrs_1/new/lab4_p2.xdc:5]
CRITICAL WARNING: [Common 17-55] 'set_property' expects at least one object. [D:/25fall_digital_logic/project_1/project_1.srcs/constrs_1/new/lab4_p2.xdc:5]
Resolution: If [get_<value>] was used to populate the object, check to make sure this command returns at least one valid object.
WARNING: [Vivado 12-584] No ports matched 'p2[0]'. [D:/25fall_digital_logic/project_1/project_1.srcs/constrs_1/new/lab4_p2.xdc:7]
CRITICAL WARNING: [Common 17-55] 'set_property' expects at least one object. [D:/25fall_digital_logic/project_1/project_1.srcs/constrs_1/new/lab4_p2.xdc:7]
Resolution: If [get_<value>] was used to populate the object, check to make sure this command returns at least one valid object.
WARNING: [Vivado 12-584] No ports matched 'p2[0]'. [D:/25fall_digital_logic/project_1/project_1.srcs/constrs_1/new/lab4_p2.xdc:8]
CRITICAL WARNING: [Common 17-55] 'set_property' expects at least one object. [D:/25fall_digital_logic/project_1/project_1.srcs/constrs_1/new/lab4_p2.xdc:8]
Resolution: If [get_<value>] was used to populate the object, check to make sure this command returns at least one valid object.
WARNING: [Vivado 12-584] No ports matched 'p2[1]'. [D:/25fall_digital_logic/project_1/project_1.srcs/constrs_1/new/lab4_p2.xdc:10]
CRITICAL WARNING: [Common 17-55] 'set_property' expects at least one object. [D:/25fall_digital_logic/project_1/project_1.srcs/constrs_1/new/lab4_p2.xdc:10]
Resolution: If [get_<value>] was used to populate the object, check to make sure this command returns at least one valid object.
WARNING: [Vivado 12-584] No ports matched 'p2[1]'. [D:/25fall_digital_logic/project_1/project_1.srcs/constrs_1/new/lab4_p2.xdc:11]
CRITICAL WARNING: [Common 17-55] 'set_property' expects at least one object. [D:/25fall_digital_logic/project_1/project_1.srcs/constrs_1/new/lab4_p2.xdc:11]
Resolution: If [get_<value>] was used to populate the object, check to make sure this command returns at least one valid object.
WARNING: [Vivado 12-584] No ports matched 'o1'. [D:/25fall_digital_logic/project_1/project_1.srcs/constrs_1/new/lab4_p2.xdc:14]
CRITICAL WARNING: [Common 17-55] 'set_property' expects at least one object. [D:/25fall_digital_logic/project_1/project_1.srcs/constrs_1/new/lab4_p2.xdc:14]
Resolution: If [get_<value>] was used to populate the object, check to make sure this command returns at least one valid object.
WARNING: [Vivado 12-584] No ports matched 'o1'. [D:/25fall_digital_logic/project_1/project_1.srcs/constrs_1/new/lab4_p2.xdc:15]
CRITICAL WARNING: [Common 17-55] 'set_property' expects at least one object. [D:/25fall_digital_logic/project_1/project_1.srcs/constrs_1/new/lab4_p2.xdc:15]
Resolution: If [get_<value>] was used to populate the object, check to make sure this command returns at least one valid object.
WARNING: [Vivado 12-584] No ports matched 'o2'. [D:/25fall_digital_logic/project_1/project_1.srcs/constrs_1/new/lab4_p2.xdc:17]
CRITICAL WARNING: [Common 17-55] 'set_property' expects at least one object. [D:/25fall_digital_logic/project_1/project_1.srcs/constrs_1/new/lab4_p2.xdc:17]
Resolution: If [get_<value>] was used to populate the object, check to make sure this command returns at least one valid object.
WARNING: [Vivado 12-584] No ports matched 'o2'. [D:/25fall_digital_logic/project_1/project_1.srcs/constrs_1/new/lab4_p2.xdc:18]
CRITICAL WARNING: [Common 17-55] 'set_property' expects at least one object. [D:/25fall_digital_logic/project_1/project_1.srcs/constrs_1/new/lab4_p2.xdc:18]
Resolution: If [get_<value>] was used to populate the object, check to make sure this command returns at least one valid object.
WARNING: [Vivado 12-584] No ports matched 'o3'. [D:/25fall_digital_logic/project_1/project_1.srcs/constrs_1/new/lab4_p2.xdc:20]
CRITICAL WARNING: [Common 17-55] 'set_property' expects at least one object. [D:/25fall_digital_logic/project_1/project_1.srcs/constrs_1/new/lab4_p2.xdc:20]
Resolution: If [get_<value>] was used to populate the object, check to make sure this command returns at least one valid object.
WARNING: [Vivado 12-584] No ports matched 'o3'. [D:/25fall_digital_logic/project_1/project_1.srcs/constrs_1/new/lab4_p2.xdc:21]
CRITICAL WARNING: [Common 17-55] 'set_property' expects at least one object. [D:/25fall_digital_logic/project_1/project_1.srcs/constrs_1/new/lab4_p2.xdc:21]
Resolution: If [get_<value>] was used to populate the object, check to make sure this command returns at least one valid object.
Finished Parsing XDC File [D:/25fall_digital_logic/project_1/project_1.srcs/constrs_1/new/lab4_p2.xdc]
Parsing XDC File [D:/25fall_digital_logic/project_1/project_1.srcs/constrs_1/new/lab5_game.xdc]
WARNING: [Vivado 12-584] No ports matched 'p1[0]'. [D:/25fall_digital_logic/project_1/project_1.srcs/constrs_1/new/lab5_game.xdc:1]
CRITICAL WARNING: [Common 17-55] 'set_property' expects at least one object. [D:/25fall_digital_logic/project_1/project_1.srcs/constrs_1/new/lab5_game.xdc:1]
Resolution: If [get_<value>] was used to populate the object, check to make sure this command returns at least one valid object.
WARNING: [Vivado 12-584] No ports matched 'p1[0]'. [D:/25fall_digital_logic/project_1/project_1.srcs/constrs_1/new/lab5_game.xdc:2]
CRITICAL WARNING: [Common 17-55] 'set_property' expects at least one object. [D:/25fall_digital_logic/project_1/project_1.srcs/constrs_1/new/lab5_game.xdc:2]
Resolution: If [get_<value>] was used to populate the object, check to make sure this command returns at least one valid object.
WARNING: [Vivado 12-584] No ports matched 'p1[1]'. [D:/25fall_digital_logic/project_1/project_1.srcs/constrs_1/new/lab5_game.xdc:4]
CRITICAL WARNING: [Common 17-55] 'set_property' expects at least one object. [D:/25fall_digital_logic/project_1/project_1.srcs/constrs_1/new/lab5_game.xdc:4]
Resolution: If [get_<value>] was used to populate the object, check to make sure this command returns at least one valid object.
WARNING: [Vivado 12-584] No ports matched 'p1[1]'. [D:/25fall_digital_logic/project_1/project_1.srcs/constrs_1/new/lab5_game.xdc:5]
CRITICAL WARNING: [Common 17-55] 'set_property' expects at least one object. [D:/25fall_digital_logic/project_1/project_1.srcs/constrs_1/new/lab5_game.xdc:5]
Resolution: If [get_<value>] was used to populate the object, check to make sure this command returns at least one valid object.
WARNING: [Vivado 12-584] No ports matched 'p2[0]'. [D:/25fall_digital_logic/project_1/project_1.srcs/constrs_1/new/lab5_game.xdc:7]
CRITICAL WARNING: [Common 17-55] 'set_property' expects at least one object. [D:/25fall_digital_logic/project_1/project_1.srcs/constrs_1/new/lab5_game.xdc:7]
Resolution: If [get_<value>] was used to populate the object, check to make sure this command returns at least one valid object.
WARNING: [Vivado 12-584] No ports matched 'p2[0]'. [D:/25fall_digital_logic/project_1/project_1.srcs/constrs_1/new/lab5_game.xdc:8]
CRITICAL WARNING: [Common 17-55] 'set_property' expects at least one object. [D:/25fall_digital_logic/project_1/project_1.srcs/constrs_1/new/lab5_game.xdc:8]
Resolution: If [get_<value>] was used to populate the object, check to make sure this command returns at least one valid object.
WARNING: [Vivado 12-584] No ports matched 'p2[1]'. [D:/25fall_digital_logic/project_1/project_1.srcs/constrs_1/new/lab5_game.xdc:10]
CRITICAL WARNING: [Common 17-55] 'set_property' expects at least one object. [D:/25fall_digital_logic/project_1/project_1.srcs/constrs_1/new/lab5_game.xdc:10]
Resolution: If [get_<value>] was used to populate the object, check to make sure this command returns at least one valid object.
WARNING: [Vivado 12-584] No ports matched 'p2[1]'. [D:/25fall_digital_logic/project_1/project_1.srcs/constrs_1/new/lab5_game.xdc:11]
CRITICAL WARNING: [Common 17-55] 'set_property' expects at least one object. [D:/25fall_digital_logic/project_1/project_1.srcs/constrs_1/new/lab5_game.xdc:11]
Resolution: If [get_<value>] was used to populate the object, check to make sure this command returns at least one valid object.
WARNING: [Vivado 12-584] No ports matched 'o1'. [D:/25fall_digital_logic/project_1/project_1.srcs/constrs_1/new/lab5_game.xdc:14]
CRITICAL WARNING: [Common 17-55] 'set_property' expects at least one object. [D:/25fall_digital_logic/project_1/project_1.srcs/constrs_1/new/lab5_game.xdc:14]
Resolution: If [get_<value>] was used to populate the object, check to make sure this command returns at least one valid object.
WARNING: [Vivado 12-584] No ports matched 'o1'. [D:/25fall_digital_logic/project_1/project_1.srcs/constrs_1/new/lab5_game.xdc:15]
CRITICAL WARNING: [Common 17-55] 'set_property' expects at least one object. [D:/25fall_digital_logic/project_1/project_1.srcs/constrs_1/new/lab5_game.xdc:15]
Resolution: If [get_<value>] was used to populate the object, check to make sure this command returns at least one valid object.
WARNING: [Vivado 12-584] No ports matched 'o2'. [D:/25fall_digital_logic/project_1/project_1.srcs/constrs_1/new/lab5_game.xdc:17]
CRITICAL WARNING: [Common 17-55] 'set_property' expects at least one object. [D:/25fall_digital_logic/project_1/project_1.srcs/constrs_1/new/lab5_game.xdc:17]
Resolution: If [get_<value>] was used to populate the object, check to make sure this command returns at least one valid object.
WARNING: [Vivado 12-584] No ports matched 'o2'. [D:/25fall_digital_logic/project_1/project_1.srcs/constrs_1/new/lab5_game.xdc:18]
CRITICAL WARNING: [Common 17-55] 'set_property' expects at least one object. [D:/25fall_digital_logic/project_1/project_1.srcs/constrs_1/new/lab5_game.xdc:18]
Resolution: If [get_<value>] was used to populate the object, check to make sure this command returns at least one valid object.
WARNING: [Vivado 12-584] No ports matched 'o3'. [D:/25fall_digital_logic/project_1/project_1.srcs/constrs_1/new/lab5_game.xdc:20]
CRITICAL WARNING: [Common 17-55] 'set_property' expects at least one object. [D:/25fall_digital_logic/project_1/project_1.srcs/constrs_1/new/lab5_game.xdc:20]
Resolution: If [get_<value>] was used to populate the object, check to make sure this command returns at least one valid object.
WARNING: [Vivado 12-584] No ports matched 'o3'. [D:/25fall_digital_logic/project_1/project_1.srcs/constrs_1/new/lab5_game.xdc:21]
CRITICAL WARNING: [Common 17-55] 'set_property' expects at least one object. [D:/25fall_digital_logic/project_1/project_1.srcs/constrs_1/new/lab5_game.xdc:21]
Resolution: If [get_<value>] was used to populate the object, check to make sure this command returns at least one valid object.
WARNING: [Vivado 12-584] No ports matched 'tub_control1[7]'. [D:/25fall_digital_logic/project_1/project_1.srcs/constrs_1/new/lab5_game.xdc:23]
CRITICAL WARNING: [Common 17-55] 'set_property' expects at least one object. [D:/25fall_digital_logic/project_1/project_1.srcs/constrs_1/new/lab5_game.xdc:23]
Resolution: If [get_<value>] was used to populate the object, check to make sure this command returns at least one valid object.
WARNING: [Vivado 12-584] No ports matched 'tub_control1[7]'. [D:/25fall_digital_logic/project_1/project_1.srcs/constrs_1/new/lab5_game.xdc:24]
CRITICAL WARNING: [Common 17-55] 'set_property' expects at least one object. [D:/25fall_digital_logic/project_1/project_1.srcs/constrs_1/new/lab5_game.xdc:24]
Resolution: If [get_<value>] was used to populate the object, check to make sure this command returns at least one valid object.
WARNING: [Vivado 12-584] No ports matched 'tub_control1[6]'. [D:/25fall_digital_logic/project_1/project_1.srcs/constrs_1/new/lab5_game.xdc:25]
CRITICAL WARNING: [Common 17-55] 'set_property' expects at least one object. [D:/25fall_digital_logic/project_1/project_1.srcs/constrs_1/new/lab5_game.xdc:25]
Resolution: If [get_<value>] was used to populate the object, check to make sure this command returns at least one valid object.
WARNING: [Vivado 12-584] No ports matched 'tub_control1[6]'. [D:/25fall_digital_logic/project_1/project_1.srcs/constrs_1/new/lab5_game.xdc:26]
CRITICAL WARNING: [Common 17-55] 'set_property' expects at least one object. [D:/25fall_digital_logic/project_1/project_1.srcs/constrs_1/new/lab5_game.xdc:26]
Resolution: If [get_<value>] was used to populate the object, check to make sure this command returns at least one valid object.
WARNING: [Vivado 12-584] No ports matched 'tub_control1[5]'. [D:/25fall_digital_logic/project_1/project_1.srcs/constrs_1/new/lab5_game.xdc:27]
CRITICAL WARNING: [Common 17-55] 'set_property' expects at least one object. [D:/25fall_digital_logic/project_1/project_1.srcs/constrs_1/new/lab5_game.xdc:27]
Resolution: If [get_<value>] was used to populate the object, check to make sure this command returns at least one valid object.
WARNING: [Vivado 12-584] No ports matched 'tub_control1[5]'. [D:/25fall_digital_logic/project_1/project_1.srcs/constrs_1/new/lab5_game.xdc:28]
CRITICAL WARNING: [Common 17-55] 'set_property' expects at least one object. [D:/25fall_digital_logic/project_1/project_1.srcs/constrs_1/new/lab5_game.xdc:28]
Resolution: If [get_<value>] was used to populate the object, check to make sure this command returns at least one valid object.
WARNING: [Vivado 12-584] No ports matched 'tub_control1[4]'. [D:/25fall_digital_logic/project_1/project_1.srcs/constrs_1/new/lab5_game.xdc:29]
CRITICAL WARNING: [Common 17-55] 'set_property' expects at least one object. [D:/25fall_digital_logic/project_1/project_1.srcs/constrs_1/new/lab5_game.xdc:29]
Resolution: If [get_<value>] was used to populate the object, check to make sure this command returns at least one valid object.
WARNING: [Vivado 12-584] No ports matched 'tub_control1[4]'. [D:/25fall_digital_logic/project_1/project_1.srcs/constrs_1/new/lab5_game.xdc:30]
CRITICAL WARNING: [Common 17-55] 'set_property' expects at least one object. [D:/25fall_digital_logic/project_1/project_1.srcs/constrs_1/new/lab5_game.xdc:30]
Resolution: If [get_<value>] was used to populate the object, check to make sure this command returns at least one valid object.
WARNING: [Vivado 12-584] No ports matched 'tub_control1[3]'. [D:/25fall_digital_logic/project_1/project_1.srcs/constrs_1/new/lab5_game.xdc:31]
CRITICAL WARNING: [Common 17-55] 'set_property' expects at least one object. [D:/25fall_digital_logic/project_1/project_1.srcs/constrs_1/new/lab5_game.xdc:31]
Resolution: If [get_<value>] was used to populate the object, check to make sure this command returns at least one valid object.
WARNING: [Vivado 12-584] No ports matched 'tub_control1[3]'. [D:/25fall_digital_logic/project_1/project_1.srcs/constrs_1/new/lab5_game.xdc:32]
CRITICAL WARNING: [Common 17-55] 'set_property' expects at least one object. [D:/25fall_digital_logic/project_1/project_1.srcs/constrs_1/new/lab5_game.xdc:32]
Resolution: If [get_<value>] was used to populate the object, check to make sure this command returns at least one valid object.
WARNING: [Vivado 12-584] No ports matched 'tub_control1[2]'. [D:/25fall_digital_logic/project_1/project_1.srcs/constrs_1/new/lab5_game.xdc:33]
CRITICAL WARNING: [Common 17-55] 'set_property' expects at least one object. [D:/25fall_digital_logic/project_1/project_1.srcs/constrs_1/new/lab5_game.xdc:33]
Resolution: If [get_<value>] was used to populate the object, check to make sure this command returns at least one valid object.
WARNING: [Vivado 12-584] No ports matched 'tub_control1[2]'. [D:/25fall_digital_logic/project_1/project_1.srcs/constrs_1/new/lab5_game.xdc:34]
CRITICAL WARNING: [Common 17-55] 'set_property' expects at least one object. [D:/25fall_digital_logic/project_1/project_1.srcs/constrs_1/new/lab5_game.xdc:34]
Resolution: If [get_<value>] was used to populate the object, check to make sure this command returns at least one valid object.
WARNING: [Vivado 12-584] No ports matched 'tub_control1[1]'. [D:/25fall_digital_logic/project_1/project_1.srcs/constrs_1/new/lab5_game.xdc:35]
CRITICAL WARNING: [Common 17-55] 'set_property' expects at least one object. [D:/25fall_digital_logic/project_1/project_1.srcs/constrs_1/new/lab5_game.xdc:35]
Resolution: If [get_<value>] was used to populate the object, check to make sure this command returns at least one valid object.
WARNING: [Vivado 12-584] No ports matched 'tub_control1[1]'. [D:/25fall_digital_logic/project_1/project_1.srcs/constrs_1/new/lab5_game.xdc:36]
CRITICAL WARNING: [Common 17-55] 'set_property' expects at least one object. [D:/25fall_digital_logic/project_1/project_1.srcs/constrs_1/new/lab5_game.xdc:36]
Resolution: If [get_<value>] was used to populate the object, check to make sure this command returns at least one valid object.
WARNING: [Vivado 12-584] No ports matched 'tub_control1[0]'. [D:/25fall_digital_logic/project_1/project_1.srcs/constrs_1/new/lab5_game.xdc:37]
CRITICAL WARNING: [Common 17-55] 'set_property' expects at least one object. [D:/25fall_digital_logic/project_1/project_1.srcs/constrs_1/new/lab5_game.xdc:37]
Resolution: If [get_<value>] was used to populate the object, check to make sure this command returns at least one valid object.
WARNING: [Vivado 12-584] No ports matched 'tub_control1[0]'. [D:/25fall_digital_logic/project_1/project_1.srcs/constrs_1/new/lab5_game.xdc:38]
CRITICAL WARNING: [Common 17-55] 'set_property' expects at least one object. [D:/25fall_digital_logic/project_1/project_1.srcs/constrs_1/new/lab5_game.xdc:38]
Resolution: If [get_<value>] was used to populate the object, check to make sure this command returns at least one valid object.
WARNING: [Vivado 12-584] No ports matched 'tub_control2[7]'. [D:/25fall_digital_logic/project_1/project_1.srcs/constrs_1/new/lab5_game.xdc:40]
CRITICAL WARNING: [Common 17-55] 'set_property' expects at least one object. [D:/25fall_digital_logic/project_1/project_1.srcs/constrs_1/new/lab5_game.xdc:40]
Resolution: If [get_<value>] was used to populate the object, check to make sure this command returns at least one valid object.
WARNING: [Vivado 12-584] No ports matched 'tub_control2[7]'. [D:/25fall_digital_logic/project_1/project_1.srcs/constrs_1/new/lab5_game.xdc:41]
CRITICAL WARNING: [Common 17-55] 'set_property' expects at least one object. [D:/25fall_digital_logic/project_1/project_1.srcs/constrs_1/new/lab5_game.xdc:41]
Resolution: If [get_<value>] was used to populate the object, check to make sure this command returns at least one valid object.
WARNING: [Vivado 12-584] No ports matched 'tub_control2[6]'. [D:/25fall_digital_logic/project_1/project_1.srcs/constrs_1/new/lab5_game.xdc:42]
CRITICAL WARNING: [Common 17-55] 'set_property' expects at least one object. [D:/25fall_digital_logic/project_1/project_1.srcs/constrs_1/new/lab5_game.xdc:42]
Resolution: If [get_<value>] was used to populate the object, check to make sure this command returns at least one valid object.
WARNING: [Vivado 12-584] No ports matched 'tub_control2[6]'. [D:/25fall_digital_logic/project_1/project_1.srcs/constrs_1/new/lab5_game.xdc:43]
CRITICAL WARNING: [Common 17-55] 'set_property' expects at least one object. [D:/25fall_digital_logic/project_1/project_1.srcs/constrs_1/new/lab5_game.xdc:43]
Resolution: If [get_<value>] was used to populate the object, check to make sure this command returns at least one valid object.
WARNING: [Vivado 12-584] No ports matched 'tub_control2[5]'. [D:/25fall_digital_logic/project_1/project_1.srcs/constrs_1/new/lab5_game.xdc:44]
CRITICAL WARNING: [Common 17-55] 'set_property' expects at least one object. [D:/25fall_digital_logic/project_1/project_1.srcs/constrs_1/new/lab5_game.xdc:44]
Resolution: If [get_<value>] was used to populate the object, check to make sure this command returns at least one valid object.
WARNING: [Vivado 12-584] No ports matched 'tub_control2[5]'. [D:/25fall_digital_logic/project_1/project_1.srcs/constrs_1/new/lab5_game.xdc:45]
CRITICAL WARNING: [Common 17-55] 'set_property' expects at least one object. [D:/25fall_digital_logic/project_1/project_1.srcs/constrs_1/new/lab5_game.xdc:45]
Resolution: If [get_<value>] was used to populate the object, check to make sure this command returns at least one valid object.
WARNING: [Vivado 12-584] No ports matched 'tub_control2[4]'. [D:/25fall_digital_logic/project_1/project_1.srcs/constrs_1/new/lab5_game.xdc:46]
CRITICAL WARNING: [Common 17-55] 'set_property' expects at least one object. [D:/25fall_digital_logic/project_1/project_1.srcs/constrs_1/new/lab5_game.xdc:46]
Resolution: If [get_<value>] was used to populate the object, check to make sure this command returns at least one valid object.
WARNING: [Vivado 12-584] No ports matched 'tub_control2[4]'. [D:/25fall_digital_logic/project_1/project_1.srcs/constrs_1/new/lab5_game.xdc:47]
CRITICAL WARNING: [Common 17-55] 'set_property' expects at least one object. [D:/25fall_digital_logic/project_1/project_1.srcs/constrs_1/new/lab5_game.xdc:47]
Resolution: If [get_<value>] was used to populate the object, check to make sure this command returns at least one valid object.
WARNING: [Vivado 12-584] No ports matched 'tub_control2[3]'. [D:/25fall_digital_logic/project_1/project_1.srcs/constrs_1/new/lab5_game.xdc:48]
CRITICAL WARNING: [Common 17-55] 'set_property' expects at least one object. [D:/25fall_digital_logic/project_1/project_1.srcs/constrs_1/new/lab5_game.xdc:48]
Resolution: If [get_<value>] was used to populate the object, check to make sure this command returns at least one valid object.
WARNING: [Vivado 12-584] No ports matched 'tub_control2[3]'. [D:/25fall_digital_logic/project_1/project_1.srcs/constrs_1/new/lab5_game.xdc:49]
CRITICAL WARNING: [Common 17-55] 'set_property' expects at least one object. [D:/25fall_digital_logic/project_1/project_1.srcs/constrs_1/new/lab5_game.xdc:49]
Resolution: If [get_<value>] was used to populate the object, check to make sure this command returns at least one valid object.
WARNING: [Vivado 12-584] No ports matched 'tub_control2[2]'. [D:/25fall_digital_logic/project_1/project_1.srcs/constrs_1/new/lab5_game.xdc:50]
CRITICAL WARNING: [Common 17-55] 'set_property' expects at least one object. [D:/25fall_digital_logic/project_1/project_1.srcs/constrs_1/new/lab5_game.xdc:50]
Resolution: If [get_<value>] was used to populate the object, check to make sure this command returns at least one valid object.
WARNING: [Vivado 12-584] No ports matched 'tub_control2[2]'. [D:/25fall_digital_logic/project_1/project_1.srcs/constrs_1/new/lab5_game.xdc:51]
CRITICAL WARNING: [Common 17-55] 'set_property' expects at least one object. [D:/25fall_digital_logic/project_1/project_1.srcs/constrs_1/new/lab5_game.xdc:51]
Resolution: If [get_<value>] was used to populate the object, check to make sure this command returns at least one valid object.
WARNING: [Vivado 12-584] No ports matched 'tub_control2[1]'. [D:/25fall_digital_logic/project_1/project_1.srcs/constrs_1/new/lab5_game.xdc:52]
CRITICAL WARNING: [Common 17-55] 'set_property' expects at least one object. [D:/25fall_digital_logic/project_1/project_1.srcs/constrs_1/new/lab5_game.xdc:52]
Resolution: If [get_<value>] was used to populate the object, check to make sure this command returns at least one valid object.
WARNING: [Vivado 12-584] No ports matched 'tub_control2[1]'. [D:/25fall_digital_logic/project_1/project_1.srcs/constrs_1/new/lab5_game.xdc:53]
CRITICAL WARNING: [Common 17-55] 'set_property' expects at least one object. [D:/25fall_digital_logic/project_1/project_1.srcs/constrs_1/new/lab5_game.xdc:53]
Resolution: If [get_<value>] was used to populate the object, check to make sure this command returns at least one valid object.
WARNING: [Vivado 12-584] No ports matched 'tub_control2[0]'. [D:/25fall_digital_logic/project_1/project_1.srcs/constrs_1/new/lab5_game.xdc:54]
CRITICAL WARNING: [Common 17-55] 'set_property' expects at least one object. [D:/25fall_digital_logic/project_1/project_1.srcs/constrs_1/new/lab5_game.xdc:54]
Resolution: If [get_<value>] was used to populate the object, check to make sure this command returns at least one valid object.
WARNING: [Vivado 12-584] No ports matched 'tub_control2[0]'. [D:/25fall_digital_logic/project_1/project_1.srcs/constrs_1/new/lab5_game.xdc:55]
INFO: [Common 17-14] Message 'Vivado 12-584' appears 100 times and further instances of the messages will be disabled. Use the Tcl command set_msg_config to change the current settings. [D:/25fall_digital_logic/project_1/project_1.srcs/constrs_1/new/lab5_game.xdc:55]
CRITICAL WARNING: [Common 17-55] 'set_property' expects at least one object. [D:/25fall_digital_logic/project_1/project_1.srcs/constrs_1/new/lab5_game.xdc:55]
Resolution: If [get_<value>] was used to populate the object, check to make sure this command returns at least one valid object.
INFO: [Common 17-14] Message 'Common 17-55' appears 100 times and further instances of the messages will be disabled. Use the Tcl command set_msg_config to change the current settings. [D:/25fall_digital_logic/project_1/project_1.srcs/constrs_1/new/lab5_game.xdc:55]
Finished Parsing XDC File [D:/25fall_digital_logic/project_1/project_1.srcs/constrs_1/new/lab5_game.xdc]
Parsing XDC File [D:/25fall_digital_logic/project_1/project_1.srcs/constrs_1/new/lab6_p4.xdc]
Finished Parsing XDC File [D:/25fall_digital_logic/project_1/project_1.srcs/constrs_1/new/lab6_p4.xdc]
INFO: [Opt 31-138] Pushed 0 inverter(s) to 0 load pin(s).
INFO: [Project 1-111] Unisim Transformation Summary:
No Unisim elements were transformed.

9 Infos, 100 Warnings, 100 Critical Warnings and 0 Errors encountered.
link_design completed successfully
link_design: Time (s): cpu = 00:00:04 ; elapsed = 00:00:06 . Memory (MB): peak = 528.137 ; gain = 302.367
Command: opt_design
Attempting to get a license for feature 'Implementation' and/or device 'xc7a35t'
INFO: [Common 17-349] Got license for feature 'Implementation' and/or device 'xc7a35t'
Running DRC as a precondition to command opt_design

Starting DRC Task
INFO: [DRC 23-27] Running DRC with 2 threads
INFO: [Project 1-461] DRC finished with 0 Errors
INFO: [Project 1-462] Please refer to the DRC report (report_drc) for more information.

Time (s): cpu = 00:00:00 ; elapsed = 00:00:00.082 . Memory (MB): peak = 530.156 ; gain = 2.020
INFO: [Timing 38-35] Done setting XDC timing constraints.

Starting Logic Optimization Task

Phase 1 Retarget
INFO: [Opt 31-138] Pushed 0 inverter(s) to 0 load pin(s).
INFO: [Opt 31-49] Retargeted 0 cell(s).
Phase 1 Retarget | Checksum: 26dadf9f2

Time (s): cpu = 00:00:00 ; elapsed = 00:00:00.002 . Memory (MB): peak = 1040.168 ; gain = 0.000
INFO: [Opt 31-389] Phase Retarget created 0 cells and removed 0 cells

Phase 2 Constant propagation
INFO: [Opt 31-138] Pushed 0 inverter(s) to 0 load pin(s).
Phase 2 Constant propagation | Checksum: 26dadf9f2

Time (s): cpu = 00:00:00 ; elapsed = 00:00:00.003 . Memory (MB): peak = 1040.168 ; gain = 0.000
INFO: [Opt 31-389] Phase Constant propagation created 0 cells and removed 0 cells

Phase 3 Sweep
Phase 3 Sweep | Checksum: 26dadf9f2

Time (s): cpu = 00:00:00 ; elapsed = 00:00:00.003 . Memory (MB): peak = 1040.168 ; gain = 0.000
INFO: [Opt 31-389] Phase Sweep created 0 cells and removed 0 cells

Phase 4 BUFG optimization
Phase 4 BUFG optimization | Checksum: 26dadf9f2

Time (s): cpu = 00:00:00 ; elapsed = 00:00:00.004 . Memory (MB): peak = 1040.168 ; gain = 0.000
INFO: [Opt 31-389] Phase BUFG optimization created 0 cells and removed 0 cells

Phase 5 Shift Register Optimization
Phase 5 Shift Register Optimization | Checksum: 26dadf9f2

Time (s): cpu = 00:00:00 ; elapsed = 00:00:00.004 . Memory (MB): peak = 1040.168 ; gain = 0.000
INFO: [Opt 31-389] Phase Shift Register Optimization created 0 cells and removed 0 cells

Starting Connectivity Check Task

Time (s): cpu = 00:00:00 ; elapsed = 00:00:00 . Memory (MB): peak = 1040.168 ; gain = 0.000
Ending Logic Optimization Task | Checksum: 26dadf9f2

Time (s): cpu = 00:00:00 ; elapsed = 00:00:00.005 . Memory (MB): peak = 1040.168 ; gain = 0.000

Starting Power Optimization Task
INFO: [Pwropt 34-132] Skipping clock gating for clocks with a period < 2.00 ns.
Ending Power Optimization Task | Checksum: 26dadf9f2

Time (s): cpu = 00:00:00 ; elapsed = 00:00:00.005 . Memory (MB): peak = 1040.168 ; gain = 0.000
INFO: [Common 17-83] Releasing license: Implementation
24 Infos, 100 Warnings, 100 Critical Warnings and 0 Errors encountered.
opt_design completed successfully
opt_design: Time (s): cpu = 00:00:06 ; elapsed = 00:00:06 . Memory (MB): peak = 1040.168 ; gain = 512.031
Writing placer database...
Writing XDEF routing.
Writing XDEF routing logical nets.
Writing XDEF routing special nets.
Write XDEF Complete: Time (s): cpu = 00:00:00 ; elapsed = 00:00:00.045 . Memory (MB): peak = 1040.168 ; gain = 0.000
INFO: [Common 17-1381] The checkpoint 'D:/25fall_digital_logic/project_1/project_1.runs/impl_1/lab6_p4_opt.dcp' has been generated.
INFO: [runtcl-4] Executing : report_drc -file lab6_p4_drc_opted.rpt -pb lab6_p4_drc_opted.pb -rpx lab6_p4_drc_opted.rpx
Command: report_drc -file lab6_p4_drc_opted.rpt -pb lab6_p4_drc_opted.pb -rpx lab6_p4_drc_opted.rpx
INFO: [IP_Flow 19-234] Refreshing IP repositories
INFO: [IP_Flow 19-1704] No user IP repositories specified
INFO: [IP_Flow 19-2313] Loaded Vivado IP repository 'D:/25fall_digital_logic/Vivado/2017.4/data/ip'.
INFO: [DRC 23-27] Running DRC with 2 threads
INFO: [Coretcl 2-168] The results of DRC are in file D:/25fall_digital_logic/project_1/project_1.runs/impl_1/lab6_p4_drc_opted.rpt.
report_drc completed successfully
INFO: [Chipscope 16-241] No debug cores found in the current design.
Before running the implement_debug_core command, either use the Set Up Debug wizard (GUI mode)
or use the create_debug_core and connect_debug_core Tcl commands to insert debug cores into the design.
Command: place_design
Attempting to get a license for feature 'Implementation' and/or device 'xc7a35t'
INFO: [Common 17-349] Got license for feature 'Implementation' and/or device 'xc7a35t'
INFO: [DRC 23-27] Running DRC with 2 threads
INFO: [Vivado_Tcl 4-198] DRC finished with 0 Errors
INFO: [Vivado_Tcl 4-199] Please refer to the DRC report (report_drc) for more information.
Running DRC as a precondition to command place_design
INFO: [DRC 23-27] Running DRC with 2 threads
INFO: [Vivado_Tcl 4-198] DRC finished with 0 Errors
INFO: [Vivado_Tcl 4-199] Please refer to the DRC report (report_drc) for more information.

Starting Placer Task
INFO: [Place 30-611] Multithreading enabled for place_design using a maximum of 2 CPUs

Phase 1 Placer Initialization

Phase 1.1 Placer Initialization Netlist Sorting
Netlist sorting complete. Time (s): cpu = 00:00:00 ; elapsed = 00:00:00 . Memory (MB): peak = 1040.168 ; gain = 0.000
Phase 1.1 Placer Initialization Netlist Sorting | Checksum: 17aff33f5

Time (s): cpu = 00:00:00 ; elapsed = 00:00:00.002 . Memory (MB): peak = 1040.168 ; gain = 0.000
Netlist sorting complete. Time (s): cpu = 00:00:00 ; elapsed = 00:00:00 . Memory (MB): peak = 1040.168 ; gain = 0.000

Phase 1.2 IO Placement/ Clock Placement/ Build Placer Device
INFO: [Timing 38-35] Done setting XDC timing constraints.
Phase 1.2 IO Placement/ Clock Placement/ Build Placer Device | Checksum: 17aff33f5

Time (s): cpu = 00:00:01 ; elapsed = 00:00:00.310 . Memory (MB): peak = 1046.664 ; gain = 6.496

Phase 1.3 Build Placer Netlist Model
Phase 1.3 Build Placer Netlist Model | Checksum: 1bc96cac1

Time (s): cpu = 00:00:01 ; elapsed = 00:00:00.323 . Memory (MB): peak = 1046.664 ; gain = 6.496

Phase 1.4 Constrain Clocks/Macros
Phase 1.4 Constrain Clocks/Macros | Checksum: 1bc96cac1

Time (s): cpu = 00:00:01 ; elapsed = 00:00:00.323 . Memory (MB): peak = 1046.664 ; gain = 6.496
Phase 1 Placer Initialization | Checksum: 1bc96cac1

Time (s): cpu = 00:00:01 ; elapsed = 00:00:00.324 . Memory (MB): peak = 1046.664 ; gain = 6.496

Phase 2 Global Placement
Phase 2 Global Placement | Checksum: 1d3c3ee77

Time (s): cpu = 00:00:01 ; elapsed = 00:00:00.501 . Memory (MB): peak = 1046.664 ; gain = 6.496

Phase 3 Detail Placement

Phase 3.1 Commit Multi Column Macros
Phase 3.1 Commit Multi Column Macros | Checksum: 1d3c3ee77

Time (s): cpu = 00:00:01 ; elapsed = 00:00:00.502 . Memory (MB): peak = 1046.664 ; gain = 6.496

Phase 3.2 Commit Most Macros & LUTRAMs
Phase 3.2 Commit Most Macros & LUTRAMs | Checksum: 1af476d92

Time (s): cpu = 00:00:01 ; elapsed = 00:00:00.512 . Memory (MB): peak = 1046.664 ; gain = 6.496

Phase 3.3 Area Swap Optimization
Phase 3.3 Area Swap Optimization | Checksum: 1c214598a

Time (s): cpu = 00:00:01 ; elapsed = 00:00:00.517 . Memory (MB): peak = 1046.664 ; gain = 6.496

Phase 3.4 Pipeline Register Optimization
Phase 3.4 Pipeline Register Optimization | Checksum: 1c214598a

Time (s): cpu = 00:00:01 ; elapsed = 00:00:00.517 . Memory (MB): peak = 1046.664 ; gain = 6.496

Phase 3.5 Small Shape Detail Placement
Phase 3.5 Small Shape Detail Placement | Checksum: 1bac847bb

Time (s): cpu = 00:00:01 ; elapsed = 00:00:00.703 . Memory (MB): peak = 1049.195 ; gain = 9.027

Phase 3.6 Re-assign LUT pins
Phase 3.6 Re-assign LUT pins | Checksum: 1bac847bb

Time (s): cpu = 00:00:01 ; elapsed = 00:00:00.703 . Memory (MB): peak = 1049.195 ; gain = 9.027

Phase 3.7 Pipeline Register Optimization
Phase 3.7 Pipeline Register Optimization | Checksum: 1bac847bb

Time (s): cpu = 00:00:01 ; elapsed = 00:00:00.704 . Memory (MB): peak = 1049.195 ; gain = 9.027
Phase 3 Detail Placement | Checksum: 1bac847bb

Time (s): cpu = 00:00:01 ; elapsed = 00:00:00.704 . Memory (MB): peak = 1049.195 ; gain = 9.027

Phase 4 Post Placement Optimization and Clean-Up

Phase 4.1 Post Commit Optimization
Phase 4.1 Post Commit Optimization | Checksum: 1bac847bb

Time (s): cpu = 00:00:01 ; elapsed = 00:00:00.705 . Memory (MB): peak = 1049.195 ; gain = 9.027

Phase 4.2 Post Placement Cleanup
Phase 4.2 Post Placement Cleanup | Checksum: 1bac847bb

Time (s): cpu = 00:00:01 ; elapsed = 00:00:00.706 . Memory (MB): peak = 1049.195 ; gain = 9.027

Phase 4.3 Placer Reporting
Phase 4.3 Placer Reporting | Checksum: 1bac847bb

Time (s): cpu = 00:00:01 ; elapsed = 00:00:00.706 . Memory (MB): peak = 1049.195 ; gain = 9.027

Phase 4.4 Final Placement Cleanup
Phase 4.4 Final Placement Cleanup | Checksum: 1bac847bb

Time (s): cpu = 00:00:01 ; elapsed = 00:00:00.707 . Memory (MB): peak = 1049.195 ; gain = 9.027
Phase 4 Post Placement Optimization and Clean-Up | Checksum: 1bac847bb

Time (s): cpu = 00:00:01 ; elapsed = 00:00:00.707 . Memory (MB): peak = 1049.195 ; gain = 9.027
Ending Placer Task | Checksum: 1b3ad374c

Time (s): cpu = 00:00:01 ; elapsed = 00:00:00.710 . Memory (MB): peak = 1049.195 ; gain = 9.027
INFO: [Common 17-83] Releasing license: Implementation
42 Infos, 100 Warnings, 100 Critical Warnings and 0 Errors encountered.
place_design completed successfully
Writing placer database...
Writing XDEF routing.
Writing XDEF routing logical nets.
Writing XDEF routing special nets.
Write XDEF Complete: Time (s): cpu = 00:00:00 ; elapsed = 00:00:00.042 . Memory (MB): peak = 1049.195 ; gain = 0.000
INFO: [Common 17-1381] The checkpoint 'D:/25fall_digital_logic/project_1/project_1.runs/impl_1/lab6_p4_placed.dcp' has been generated.
INFO: [runtcl-4] Executing : report_io -file lab6_p4_io_placed.rpt
report_io: Time (s): cpu = 00:00:00 ; elapsed = 00:00:00.025 . Memory (MB): peak = 1051.992 ; gain = 2.797
INFO: [runtcl-4] Executing : report_utilization -file lab6_p4_utilization_placed.rpt -pb lab6_p4_utilization_placed.pb
report_utilization: Time (s): cpu = 00:00:00 ; elapsed = 00:00:00.018 . Memory (MB): peak = 1051.992 ; gain = 0.000
INFO: [runtcl-4] Executing : report_control_sets -verbose -file lab6_p4_control_sets_placed.rpt
report_control_sets: Time (s): cpu = 00:00:00 ; elapsed = 00:00:00 . Memory (MB): peak = 1051.992 ; gain = 0.000
Command: route_design
Attempting to get a license for feature 'Implementation' and/or device 'xc7a35t'
INFO: [Common 17-349] Got license for feature 'Implementation' and/or device 'xc7a35t'
Running DRC as a precondition to command route_design
INFO: [DRC 23-27] Running DRC with 2 threads
INFO: [Vivado_Tcl 4-198] DRC finished with 0 Errors
INFO: [Vivado_Tcl 4-199] Please refer to the DRC report (report_drc) for more information.


Starting Routing Task
INFO: [Route 35-254] Multithreading enabled for route_design using a maximum of 2 CPUs
Checksum: PlaceDB: d8700cfc ConstDB: 0 ShapeSum: db3d2a50 RouteDB: 0

Phase 1 Build RT Design
Phase 1 Build RT Design | Checksum: e5476e2c

Time (s): cpu = 00:00:14 ; elapsed = 00:00:13 . Memory (MB): peak = 1180.965 ; gain = 128.270
Post Restoration Checksum: NetGraph: bc901d0d NumContArr: 28b7511f Constraints: 0 Timing: 0

Phase 2 Router Initialization
INFO: [Route 35-64] No timing constraints were detected. The router will operate in resource-optimization mode.

Phase 2.1 Fix Topology Constraints
Phase 2.1 Fix Topology Constraints | Checksum: e5476e2c

Time (s): cpu = 00:00:14 ; elapsed = 00:00:13 . Memory (MB): peak = 1186.980 ; gain = 134.285

Phase 2.2 Pre Route Cleanup
Phase 2.2 Pre Route Cleanup | Checksum: e5476e2c

Time (s): cpu = 00:00:14 ; elapsed = 00:00:13 . Memory (MB): peak = 1186.980 ; gain = 134.285
Phase 2 Router Initialization | Checksum: e5476e2c

Time (s): cpu = 00:00:14 ; elapsed = 00:00:13 . Memory (MB): peak = 1188.633 ; gain = 135.938

Phase 3 Initial Routing
 Number of Nodes with overlaps = 0
Phase 3 Initial Routing | Checksum: f212c51b

Time (s): cpu = 00:00:14 ; elapsed = 00:00:13 . Memory (MB): peak = 1188.633 ; gain = 135.938

Phase 4 Rip-up And Reroute

Phase 4.1 Global Iteration 0
Phase 4.1 Global Iteration 0 | Checksum: f212c51b

Time (s): cpu = 00:00:14 ; elapsed = 00:00:13 . Memory (MB): peak = 1188.633 ; gain = 135.938
Phase 4 Rip-up And Reroute | Checksum: f212c51b

Time (s): cpu = 00:00:14 ; elapsed = 00:00:13 . Memory (MB): peak = 1188.633 ; gain = 135.938

Phase 5 Delay and Skew Optimization
Phase 5 Delay and Skew Optimization | Checksum: f212c51b

Time (s): cpu = 00:00:14 ; elapsed = 00:00:13 . Memory (MB): peak = 1188.633 ; gain = 135.938

Phase 6 Post Hold Fix

Phase 6.1 Hold Fix Iter
Phase 6.1 Hold Fix Iter | Checksum: f212c51b

Time (s): cpu = 00:00:14 ; elapsed = 00:00:13 . Memory (MB): peak = 1188.633 ; gain = 135.938
Phase 6 Post Hold Fix | Checksum: f212c51b

Time (s): cpu = 00:00:14 ; elapsed = 00:00:13 . Memory (MB): peak = 1188.633 ; gain = 135.938

Phase 7 Route finalize

Router Utilization Summary
  Global Vertical Routing Utilization    = 0.00350793 %
  Global Horizontal Routing Utilization  = 0.00169183 %
  Routable Net Status*
  *Does not include unroutable nets such as driverless and loadless.
  Run report_route_status for detailed report.
  Number of Failed Nets               = 0
  Number of Unrouted Nets             = 0
  Number of Partially Routed Nets     = 0
  Number of Node Overlaps             = 0

Utilization threshold used for congestion level computation: 0.85
Congestion Report
North Dir 1x1 Area, Max Cong = 0.900901%, No Congested Regions.
South Dir 1x1 Area, Max Cong = 5.40541%, No Congested Regions.
East Dir 1x1 Area, Max Cong = 2.94118%, No Congested Regions.
West Dir 1x1 Area, Max Cong = 2.94118%, No Congested Regions.
Phase 7 Route finalize | Checksum: f212c51b

Time (s): cpu = 00:00:14 ; elapsed = 00:00:13 . Memory (MB): peak = 1188.633 ; gain = 135.938

Phase 8 Verifying routed nets

 Verification completed successfully
Phase 8 Verifying routed nets | Checksum: f212c51b

Time (s): cpu = 00:00:14 ; elapsed = 00:00:13 . Memory (MB): peak = 1190.930 ; gain = 138.234

Phase 9 Depositing Routes
Phase 9 Depositing Routes | Checksum: 1b9705c7c

Time (s): cpu = 00:00:14 ; elapsed = 00:00:13 . Memory (MB): peak = 1190.930 ; gain = 138.234
INFO: [Route 35-16] Router Completed Successfully

Time (s): cpu = 00:00:14 ; elapsed = 00:00:13 . Memory (MB): peak = 1190.930 ; gain = 138.234

Routing Is Done.
INFO: [Common 17-83] Releasing license: Implementation
54 Infos, 100 Warnings, 100 Critical Warnings and 0 Errors encountered.
route_design completed successfully
route_design: Time (s): cpu = 00:00:15 ; elapsed = 00:00:13 . Memory (MB): peak = 1190.930 ; gain = 138.938
Writing placer database...
Writing XDEF routing.
Writing XDEF routing logical nets.
Writing XDEF routing special nets.
Write XDEF Complete: Time (s): cpu = 00:00:00 ; elapsed = 00:00:00.044 . Memory (MB): peak = 1190.930 ; gain = 0.000
INFO: [Common 17-1381] The checkpoint 'D:/25fall_digital_logic/project_1/project_1.runs/impl_1/lab6_p4_routed.dcp' has been generated.
INFO: [runtcl-4] Executing : report_drc -file lab6_p4_drc_routed.rpt -pb lab6_p4_drc_routed.pb -rpx lab6_p4_drc_routed.rpx
Command: report_drc -file lab6_p4_drc_routed.rpt -pb lab6_p4_drc_routed.pb -rpx lab6_p4_drc_routed.rpx
INFO: [IP_Flow 19-1839] IP Catalog is up to date.
INFO: [DRC 23-27] Running DRC with 2 threads
INFO: [Coretcl 2-168] The results of DRC are in file D:/25fall_digital_logic/project_1/project_1.runs/impl_1/lab6_p4_drc_routed.rpt.
report_drc completed successfully
INFO: [runtcl-4] Executing : report_methodology -file lab6_p4_methodology_drc_routed.rpt -pb lab6_p4_methodology_drc_routed.pb -rpx lab6_p4_methodology_drc_routed.rpx
Command: report_methodology -file lab6_p4_methodology_drc_routed.rpt -pb lab6_p4_methodology_drc_routed.pb -rpx lab6_p4_methodology_drc_routed.rpx
INFO: [Timing 38-35] Done setting XDC timing constraints.
INFO: [Timing 38-35] Done setting XDC timing constraints.
INFO: [DRC 23-133] Running Methodology with 2 threads
INFO: [Coretcl 2-1520] The results of Report Methodology are in file D:/25fall_digital_logic/project_1/project_1.runs/impl_1/lab6_p4_methodology_drc_routed.rpt.
report_methodology completed successfully
INFO: [runtcl-4] Executing : report_power -file lab6_p4_power_routed.rpt -pb lab6_p4_power_summary_routed.pb -rpx lab6_p4_power_routed.rpx
Command: report_power -file lab6_p4_power_routed.rpt -pb lab6_p4_power_summary_routed.pb -rpx lab6_p4_power_routed.rpx
WARNING: [Power 33-232] No user defined clocks were found in the design!
Resolution: Please specify clocks using create_clock/create_generated_clock for sequential elements. For pure combinatorial circuits, please specify a virtual clock, otherwise the vectorless estimation might be inaccurate
INFO: [Timing 38-35] Done setting XDC timing constraints.
Running Vector-less Activity Propagation...

Finished Running Vector-less Activity Propagation
66 Infos, 101 Warnings, 100 Critical Warnings and 0 Errors encountered.
report_power completed successfully
INFO: [runtcl-4] Executing : report_route_status -file lab6_p4_route_status.rpt -pb lab6_p4_route_status.pb
INFO: [runtcl-4] Executing : report_timing_summary -max_paths 10 -file lab6_p4_timing_summary_routed.rpt -rpx lab6_p4_timing_summary_routed.rpx -warn_on_violation 
INFO: [Timing 38-91] UpdateTimingParams: Speed grade: -1, Delay Type: min_max.
INFO: [Timing 38-191] Multithreading enabled for timing update using a maximum of 2 CPUs
WARNING: [Timing 38-313] There are no user specified timing constraints. Timing constraints are needed for proper timing analysis.
INFO: [runtcl-4] Executing : report_incremental_reuse -file lab6_p4_incremental_reuse_routed.rpt
INFO: [Vivado_Tcl 4-545] No incremental reuse to report, no incremental placement and routing data was found.
INFO: [runtcl-4] Executing : report_clock_utilization -file lab6_p4_clock_utilization_routed.rpt
Command: write_bitstream -force lab6_p4.bit
Attempting to get a license for feature 'Implementation' and/or device 'xc7a35t'
INFO: [Common 17-349] Got license for feature 'Implementation' and/or device 'xc7a35t'
Running DRC as a precondition to command write_bitstream
INFO: [IP_Flow 19-1839] IP Catalog is up to date.
INFO: [DRC 23-27] Running DRC with 2 threads
WARNING: [DRC CFGBVS-1] Missing CFGBVS and CONFIG_VOLTAGE Design Properties: Neither the CFGBVS nor CONFIG_VOLTAGE voltage property is set in the current_design.  Configuration bank voltage select (CFGBVS) must be set to VCCO or GND, and CONFIG_VOLTAGE must be set to the correct configuration voltage, in order to determine the I/O voltage support for the pins in bank 0.  It is suggested to specify these either using the 'Edit Device Properties' function in the GUI or directly in the XDC file using the following syntax:

 set_property CFGBVS value1 [current_design]
 #where value1 is either VCCO or GND

 set_property CONFIG_VOLTAGE value2 [current_design]
 #where value2 is the voltage provided to configuration bank 0

Refer to the device configuration user guide for more information.
INFO: [Vivado 12-3199] DRC finished with 0 Errors, 1 Warnings
INFO: [Vivado 12-3200] Please refer to the DRC report (report_drc) for more information.
INFO: [Project 1-821] Please set project.enableDesignId to be 'true'.
INFO: [Designutils 20-2272] Running write_bitstream with 2 threads.
Loading data files...
Loading site data...
Loading route data...
Processing options...
Creating bitmap...
Creating bitstream...
Writing bitstream ./lab6_p4.bit...
INFO: [Vivado 12-1842] Bitgen Completed Successfully.
INFO: [Project 1-120] WebTalk data collection is mandatory when using a WebPACK part without a full Vivado license. To see the specific WebTalk data collected for your design, open the usage_statistics_webtalk.html or usage_statistics_webtalk.xml file in the implementation directory.
INFO: [Common 17-83] Releasing license: Implementation
83 Infos, 103 Warnings, 100 Critical Warnings and 0 Errors encountered.
write_bitstream completed successfully
write_bitstream: Time (s): cpu = 00:00:07 ; elapsed = 00:00:07 . Memory (MB): peak = 1638.438 ; gain = 420.684
INFO: [Common 17-206] Exiting Vivado at Wed Oct 29 15:52:15 2025...
